<?xml version="1.0" encoding="UTF-8"?>
<!-- Generated by org.testng.reporters.JUnitReportReporter -->
<testsuite hostname="Venkatesh-pc" name="packTwo.Annot2" tests="1" failures="0" timestamp="15 Jan 2015 14:29:31 GMT" time="0.015" errors="0">
  <testcase name="software" time="0.015" classname="packTwo.Annot2"/>
</testsuite> <!-- packTwo.Annot2 -->
