<?xml version="1.0" encoding="UTF-8"?>
<!-- Generated by org.testng.reporters.JUnitReportReporter -->
<testsuite skipped="0" hostname="SHADOWS" name="packTwo.Annotations" tests="1" failures="0" timestamp="22 Oct 2017 22:36:58 GMT" time="0.021" errors="0">
  <testcase name="FlightCancel" time="0.021" classname="packTwo.Annotations"/>
</testsuite> <!-- packTwo.Annotations -->
