<?xml version="1.0" encoding="UTF-8"?>
<!-- Generated by org.testng.reporters.JUnitReportReporter -->
<testsuite hostname="DESKTOP-FNF69NB" name="com.emma2.testcases.loginTest" tests="2" failures="0" timestamp="10 Apr 2017 05:00:49 GMT" time="5.319" errors="0">
  <testcase name="loginTRUE" time="0.017" classname="com.emma2.testcases.loginTest"/>
  <testcase name="dologinTest" time="5.302" classname="com.emma2.testcases.loginTest"/>
</testsuite> <!-- com.emma2.testcases.loginTest -->
