<?xml version="1.0" encoding="UTF-8"?>
<!-- Generated by org.testng.reporters.JUnitReportReporter -->
<testsuite hostname="Venkatesh-pc" name="testngFiles.DependenyAnnot" tests="3" failures="0" timestamp="15 Jan 2015 14:22:46 GMT" time="0.038" errors="0">
  <testcase name="OpeningBrowser" time="0.002" classname="testngFiles.DependenyAnnot"/>
  <testcase name="FlightBooking" time="0.003" classname="testngFiles.DependenyAnnot"/>
  <testcase name="Timerelated" time="0.033" classname="testngFiles.DependenyAnnot"/>
</testsuite> <!-- testngFiles.DependenyAnnot -->
