<?xml version="1.0" encoding="UTF-8"?>
<!-- Generated by org.testng.reporters.JUnitReportReporter -->
<testsuite hostname="Venkatesh-pc" name="packTwo.Annotations" tests="1" failures="0" timestamp="16 Jan 2015 02:51:13 GMT" time="0.038" errors="0">
  <testcase name="FlightCancel" time="0.038" classname="packTwo.Annotations"/>
</testsuite> <!-- packTwo.Annotations -->
