<?xml version="1.0" encoding="UTF-8"?>
<!-- Generated by org.testng.reporters.JUnitReportReporter -->
<testsuite hostname="Venkatesh-pc" name="packTwo.DependenyAnnot" tests="3" failures="0" timestamp="15 Jan 2015 14:29:31 GMT" time="0.031" errors="0">
  <testcase name="OpeningBrowser" time="0.004" classname="packTwo.DependenyAnnot"/>
  <testcase name="FlightBooking" time="0.004" classname="packTwo.DependenyAnnot"/>
  <testcase name="Timerelated" time="0.023" classname="packTwo.DependenyAnnot"/>
</testsuite> <!-- packTwo.DependenyAnnot -->
